<?xml version="1.0" encoding="UTF-8"?>
<!-- Generated by org.testng.reporters.JUnitReportReporter -->
<testsuite skipped="0" hostname="LAPTOP-AFF5OKLV" name="TestCase.TestLogin" tests="2" failures="0" timestamp="13 Feb 2019 05:01:53 GMT" time="8.345" errors="0">
  <testcase name="Forgotten_Acc" time="2.156" classname="TestCase.TestLogin"/>
  <testcase name="Login" time="6.189" classname="TestCase.TestLogin"/>
</testsuite> <!-- TestCase.TestLogin -->
