<?xml version="1.0" encoding="UTF-8"?>
<!-- Generated by org.testng.reporters.JUnitReportReporter -->
<testsuite skipped="0" hostname="LAPTOP-AFF5OKLV" name="com.facebook.Testcase.LoginNew" tests="2" failures="0" timestamp="20 Feb 2019 06:29:02 GMT" time="9.105" errors="0">
  <testcase name="verifylogintest" time="8.520" classname="com.facebook.Testcase.LoginNew"/>
  <testcase name="verifytesttitle" time="0.585" classname="com.facebook.Testcase.LoginNew"/>
</testsuite> <!-- com.facebook.Testcase.LoginNew -->
